<?xml version="1.0" encoding="UTF-8"?>
<testng-results skipped="0" failed="0" ignored="0" total="1" passed="1">
  <reporter-output>
  </reporter-output>
  <suite name="Default suite" duration-ms="63" started-at="2017-11-28T06:53:22Z" finished-at="2017-11-28T06:53:22Z">
    <groups>
    </groups>
    <test name="Default test" duration-ms="63" started-at="2017-11-28T06:53:22Z" finished-at="2017-11-28T06:53:22Z">
      <class name="new1.Class1">
        <test-method status="PASS" signature="m1()[pri:0, instance:new1.Class1@9629756]" name="m1" duration-ms="16" started-at="2017-11-28T12:23:22Z" finished-at="2017-11-28T12:23:22Z">
          <reporter-output>
          </reporter-output>
        </test-method> <!-- m1 -->
      </class> <!-- new1.Class1 -->
    </test> <!-- Default test -->
  </suite> <!-- Default suite -->
</testng-results>
